<?xml version="1.0" encoding="UTF-8"?>
<testsuite name="csvParser.ParserTest" tests="1" skipped="0" failures="0" errors="0" timestamp="2020-09-30T18:53:45" hostname="DESKTOP-N2T8FBU" time="0.001">
  <properties/>
  <testcase name="parseLine()" classname="csvParser.ParserTest" time="0.001"/>
  <system-out><![CDATA[]]></system-out>
  <system-err><![CDATA[]]></system-err>
</testsuite>
