<?xml version="1.0" encoding="UTF-8"?>
<testsuite name="csvParser.FormaterTest" tests="1" skipped="0" failures="0" errors="0" timestamp="2020-09-30T18:53:44" hostname="DESKTOP-N2T8FBU" time="0.032">
  <properties/>
  <testcase name="format()" classname="csvParser.FormaterTest" time="0.032"/>
  <system-out><![CDATA[]]></system-out>
  <system-err><![CDATA[]]></system-err>
</testsuite>
