<?xml version="1.0" encoding="UTF-8"?>
<testsuite name="csvParser.InputTest" tests="1" skipped="0" failures="0" errors="0" timestamp="2020-09-30T18:53:44" hostname="DESKTOP-N2T8FBU" time="1.22">
  <properties/>
  <testcase name="asd()" classname="csvParser.InputTest" time="1.22"/>
  <system-out><![CDATA[]]></system-out>
  <system-err><![CDATA[]]></system-err>
</testsuite>
